mode: set
github.com/venicegeo/geojson-geos-go/geojsongeos/geojsongeos.go:27.45,29.2 1 1
github.com/venicegeo/geojson-geos-go/geojsongeos/geojsongeos.go:30.54,32.40 2 1
github.com/venicegeo/geojson-geos-go/geojsongeos/geojsongeos.go:35.2,35.15 1 1
github.com/venicegeo/geojson-geos-go/geojsongeos/geojsongeos.go:32.40,34.3 1 1
github.com/venicegeo/geojson-geos-go/geojsongeos/geojsongeos.go:39.65,45.28 2 1
github.com/venicegeo/geojson-geos-go/geojsongeos/geojsongeos.go:120.2,120.22 1 1
github.com/venicegeo/geojson-geos-go/geojsongeos/geojsongeos.go:46.2,47.60 1 1
github.com/venicegeo/geojson-geos-go/geojsongeos/geojsongeos.go:48.2,49.73 1 1
github.com/venicegeo/geojson-geos-go/geojsongeos/geojsongeos.go:50.2,53.50 3 1
github.com/venicegeo/geojson-geos-go/geojsongeos/geojsongeos.go:57.3,57.70 1 1
github.com/venicegeo/geojson-geos-go/geojsongeos/geojsongeos.go:58.2,61.50 3 1
github.com/venicegeo/geojson-geos-go/geojsongeos/geojsongeos.go:65.3,65.65 1 1
github.com/venicegeo/geojson-geos-go/geojsongeos/geojsongeos.go:66.2,69.50 3 1
github.com/venicegeo/geojson-geos-go/geojsongeos/geojsongeos.go:73.3,73.75 1 1
github.com/venicegeo/geojson-geos-go/geojsongeos/geojsongeos.go:75.2,76.74 1 1
github.com/venicegeo/geojson-geos-go/geojsongeos/geojsongeos.go:77.2,84.48 2 1
github.com/venicegeo/geojson-geos-go/geojsongeos/geojsongeos.go:95.3,95.85 1 1
github.com/venicegeo/geojson-geos-go/geojsongeos/geojsongeos.go:98.2,99.38 1 1
github.com/venicegeo/geojson-geos-go/geojsongeos/geojsongeos.go:100.2,104.39 2 1
github.com/venicegeo/geojson-geos-go/geojsongeos/geojsongeos.go:110.3,110.93 1 1
github.com/venicegeo/geojson-geos-go/geojsongeos/geojsongeos.go:114.3,114.23 1 1
github.com/venicegeo/geojson-geos-go/geojsongeos/geojsongeos.go:115.2,116.46 1 1
github.com/venicegeo/geojson-geos-go/geojsongeos/geojsongeos.go:117.2,118.67 1 0
github.com/venicegeo/geojson-geos-go/geojsongeos/geojsongeos.go:53.50,56.4 2 1
github.com/venicegeo/geojson-geos-go/geojsongeos/geojsongeos.go:61.50,64.4 2 1
github.com/venicegeo/geojson-geos-go/geojsongeos/geojsongeos.go:69.50,72.4 2 1
github.com/venicegeo/geojson-geos-go/geojsongeos/geojsongeos.go:84.48,86.45 2 1
github.com/venicegeo/geojson-geos-go/geojsongeos/geojsongeos.go:90.4,90.86 1 1
github.com/venicegeo/geojson-geos-go/geojsongeos/geojsongeos.go:93.4,93.40 1 1
github.com/venicegeo/geojson-geos-go/geojsongeos/geojsongeos.go:86.45,89.5 2 1
github.com/venicegeo/geojson-geos-go/geojsongeos/geojsongeos.go:90.86,92.5 1 0
github.com/venicegeo/geojson-geos-go/geojsongeos/geojsongeos.go:95.85,97.4 1 0
github.com/venicegeo/geojson-geos-go/geojsongeos/geojsongeos.go:104.39,105.60 1 1
github.com/venicegeo/geojson-geos-go/geojsongeos/geojsongeos.go:108.4,108.45 1 1
github.com/venicegeo/geojson-geos-go/geojsongeos/geojsongeos.go:105.60,107.5 1 0
github.com/venicegeo/geojson-geos-go/geojsongeos/geojsongeos.go:110.93,112.4 1 0
github.com/venicegeo/geojson-geos-go/geojsongeos/geojsongeos.go:124.65,132.16 3 1
github.com/venicegeo/geojson-geos-go/geojsongeos/geojsongeos.go:241.2,241.20 1 1
github.com/venicegeo/geojson-geos-go/geojsongeos/geojsongeos.go:132.16,133.16 1 1
github.com/venicegeo/geojson-geos-go/geojsongeos/geojsongeos.go:134.3,136.41 2 1
github.com/venicegeo/geojson-geos-go/geojsongeos/geojsongeos.go:139.4,139.41 1 1
github.com/venicegeo/geojson-geos-go/geojsongeos/geojsongeos.go:142.4,142.52 1 1
github.com/venicegeo/geojson-geos-go/geojsongeos/geojsongeos.go:143.3,144.48 1 1
github.com/venicegeo/geojson-geos-go/geojsongeos/geojsongeos.go:147.4,147.59 1 1
github.com/venicegeo/geojson-geos-go/geojsongeos/geojsongeos.go:148.3,154.45 2 1
github.com/venicegeo/geojson-geos-go/geojsongeos/geojsongeos.go:157.4,157.47 1 1
github.com/venicegeo/geojson-geos-go/geojsongeos/geojsongeos.go:160.4,161.46 2 1
github.com/venicegeo/geojson-geos-go/geojsongeos/geojsongeos.go:164.4,164.30 1 1
github.com/venicegeo/geojson-geos-go/geojsongeos/geojsongeos.go:171.4,171.44 1 1
github.com/venicegeo/geojson-geos-go/geojsongeos/geojsongeos.go:173.3,179.50 2 1
github.com/venicegeo/geojson-geos-go/geojsongeos/geojsongeos.go:182.4,182.37 1 1
github.com/venicegeo/geojson-geos-go/geojsongeos/geojsongeos.go:191.4,191.52 1 1
github.com/venicegeo/geojson-geos-go/geojsongeos/geojsongeos.go:193.3,202.50 2 1
github.com/venicegeo/geojson-geos-go/geojsongeos/geojsongeos.go:205.4,205.37 1 1
github.com/venicegeo/geojson-geos-go/geojsongeos/geojsongeos.go:215.4,215.49 1 1
github.com/venicegeo/geojson-geos-go/geojsongeos/geojsongeos.go:216.3,223.50 2 1
github.com/venicegeo/geojson-geos-go/geojsongeos/geojsongeos.go:226.4,226.37 1 1
github.com/venicegeo/geojson-geos-go/geojsongeos/geojsongeos.go:235.4,235.54 1 1
github.com/venicegeo/geojson-geos-go/geojsongeos/geojsongeos.go:236.3,237.47 1 1
github.com/venicegeo/geojson-geos-go/geojsongeos/geojsongeos.go:136.41,138.5 1 0
github.com/venicegeo/geojson-geos-go/geojsongeos/geojsongeos.go:139.41,141.5 1 0
github.com/venicegeo/geojson-geos-go/geojsongeos/geojsongeos.go:144.48,146.5 1 0
github.com/venicegeo/geojson-geos-go/geojsongeos/geojsongeos.go:154.45,156.5 1 0
github.com/venicegeo/geojson-geos-go/geojsongeos/geojsongeos.go:157.47,159.5 1 0
github.com/venicegeo/geojson-geos-go/geojsongeos/geojsongeos.go:161.46,163.5 1 0
github.com/venicegeo/geojson-geos-go/geojsongeos/geojsongeos.go:164.30,166.48 1 1
github.com/venicegeo/geojson-geos-go/geojsongeos/geojsongeos.go:169.5,169.63 1 1
github.com/venicegeo/geojson-geos-go/geojsongeos/geojsongeos.go:166.48,168.6 1 0
github.com/venicegeo/geojson-geos-go/geojsongeos/geojsongeos.go:179.50,181.5 1 0
github.com/venicegeo/geojson-geos-go/geojsongeos/geojsongeos.go:182.37,183.58 1 1
github.com/venicegeo/geojson-geos-go/geojsongeos/geojsongeos.go:186.5,186.54 1 1
github.com/venicegeo/geojson-geos-go/geojsongeos/geojsongeos.go:189.5,189.63 1 1
github.com/venicegeo/geojson-geos-go/geojsongeos/geojsongeos.go:183.58,185.6 1 0
github.com/venicegeo/geojson-geos-go/geojsongeos/geojsongeos.go:186.54,188.6 1 0
github.com/venicegeo/geojson-geos-go/geojsongeos/geojsongeos.go:202.50,204.5 1 0
github.com/venicegeo/geojson-geos-go/geojsongeos/geojsongeos.go:205.37,206.55 1 1
github.com/venicegeo/geojson-geos-go/geojsongeos/geojsongeos.go:209.5,210.59 2 1
github.com/venicegeo/geojson-geos-go/geojsongeos/geojsongeos.go:213.5,213.61 1 1
github.com/venicegeo/geojson-geos-go/geojsongeos/geojsongeos.go:206.55,208.6 1 0
github.com/venicegeo/geojson-geos-go/geojsongeos/geojsongeos.go:210.59,212.6 1 0
github.com/venicegeo/geojson-geos-go/geojsongeos/geojsongeos.go:223.50,225.5 1 0
github.com/venicegeo/geojson-geos-go/geojsongeos/geojsongeos.go:226.37,227.55 1 1
github.com/venicegeo/geojson-geos-go/geojsongeos/geojsongeos.go:230.5,230.64 1 1
github.com/venicegeo/geojson-geos-go/geojsongeos/geojsongeos.go:233.5,233.49 1 1
github.com/venicegeo/geojson-geos-go/geojsongeos/geojsongeos.go:227.55,229.6 1 0
github.com/venicegeo/geojson-geos-go/geojsongeos/geojsongeos.go:230.64,232.6 1 0
github.com/venicegeo/geojson-geos-go/geojsongeos/geojsongeos.go:244.54,246.40 2 1
github.com/venicegeo/geojson-geos-go/geojsongeos/geojsongeos.go:250.2,250.15 1 1
github.com/venicegeo/geojson-geos-go/geojsongeos/geojsongeos.go:246.40,249.3 2 1
github.com/venicegeo/geojson-geos-go/geojsongeos/geojsongeos.go:254.63,260.52 2 1
github.com/venicegeo/geojson-geos-go/geojsongeos/geojsongeos.go:263.2,263.82 1 1
github.com/venicegeo/geojson-geos-go/geojsongeos/geojsongeos.go:266.2,266.24 1 1
github.com/venicegeo/geojson-geos-go/geojsongeos/geojsongeos.go:260.52,262.3 1 0
github.com/venicegeo/geojson-geos-go/geojsongeos/geojsongeos.go:263.82,265.3 1 0
github.com/venicegeo/geojson-geos-go/geojsongeos/geojsongeos.go:270.68,279.46 2 1
github.com/venicegeo/geojson-geos-go/geojsongeos/geojsongeos.go:282.2,282.18 1 1
github.com/venicegeo/geojson-geos-go/geojsongeos/geojsongeos.go:332.2,332.20 1 1
github.com/venicegeo/geojson-geos-go/geojsongeos/geojsongeos.go:279.46,281.3 1 0
github.com/venicegeo/geojson-geos-go/geojsongeos/geojsongeos.go:283.2,284.49 1 1
github.com/venicegeo/geojson-geos-go/geojsongeos/geojsongeos.go:287.3,287.36 1 1
github.com/venicegeo/geojson-geos-go/geojsongeos/geojsongeos.go:296.2,301.44 2 1
github.com/venicegeo/geojson-geos-go/geojsongeos/geojsongeos.go:304.3,304.56 1 1
github.com/venicegeo/geojson-geos-go/geojsongeos/geojsongeos.go:307.3,308.45 2 1
github.com/venicegeo/geojson-geos-go/geojsongeos/geojsongeos.go:311.3,311.29 1 1
github.com/venicegeo/geojson-geos-go/geojsongeos/geojsongeos.go:317.2,318.33 1 1
github.com/venicegeo/geojson-geos-go/geojsongeos/geojsongeos.go:319.2,320.46 1 1
github.com/venicegeo/geojson-geos-go/geojsongeos/geojsongeos.go:323.3,323.36 1 1
github.com/venicegeo/geojson-geos-go/geojsongeos/geojsongeos.go:329.2,330.86 1 0
github.com/venicegeo/geojson-geos-go/geojsongeos/geojsongeos.go:284.49,286.4 1 0
github.com/venicegeo/geojson-geos-go/geojsongeos/geojsongeos.go:287.36,288.51 1 1
github.com/venicegeo/geojson-geos-go/geojsongeos/geojsongeos.go:291.4,291.57 1 1
github.com/venicegeo/geojson-geos-go/geojsongeos/geojsongeos.go:294.4,294.42 1 1
github.com/venicegeo/geojson-geos-go/geojsongeos/geojsongeos.go:288.51,290.5 1 0
github.com/venicegeo/geojson-geos-go/geojsongeos/geojsongeos.go:291.57,293.5 1 0
github.com/venicegeo/geojson-geos-go/geojsongeos/geojsongeos.go:301.44,303.4 1 0
github.com/venicegeo/geojson-geos-go/geojsongeos/geojsongeos.go:304.56,306.4 1 0
github.com/venicegeo/geojson-geos-go/geojsongeos/geojsongeos.go:308.45,310.4 1 0
github.com/venicegeo/geojson-geos-go/geojsongeos/geojsongeos.go:311.29,312.57 1 1
github.com/venicegeo/geojson-geos-go/geojsongeos/geojsongeos.go:315.4,315.42 1 1
github.com/venicegeo/geojson-geos-go/geojsongeos/geojsongeos.go:312.57,314.5 1 0
github.com/venicegeo/geojson-geos-go/geojsongeos/geojsongeos.go:320.46,322.4 1 0
github.com/venicegeo/geojson-geos-go/geojsongeos/geojsongeos.go:323.36,324.48 1 1
github.com/venicegeo/geojson-geos-go/geojsongeos/geojsongeos.go:327.4,327.33 1 1
github.com/venicegeo/geojson-geos-go/geojsongeos/geojsongeos.go:324.48,326.5 1 0
